[2022-02-01 10:23:08,195] {taskinstance.py:1032} INFO - Dependencies all met for <TaskInstance: gcp_ingest_yellow_taxi.local_to_gcs_task scheduled__2019-07-02T05:00:00+00:00 [queued]>
[2022-02-01 10:23:08,223] {taskinstance.py:1032} INFO - Dependencies all met for <TaskInstance: gcp_ingest_yellow_taxi.local_to_gcs_task scheduled__2019-07-02T05:00:00+00:00 [queued]>
[2022-02-01 10:23:08,224] {taskinstance.py:1238} INFO - 
--------------------------------------------------------------------------------
[2022-02-01 10:23:08,226] {taskinstance.py:1239} INFO - Starting attempt 1 of 1
[2022-02-01 10:23:08,227] {taskinstance.py:1240} INFO - 
--------------------------------------------------------------------------------
[2022-02-01 10:23:08,251] {taskinstance.py:1259} INFO - Executing <Task(PythonOperator): local_to_gcs_task> on 2019-07-02 05:00:00+00:00
[2022-02-01 10:23:08,259] {standard_task_runner.py:52} INFO - Started process 14058 to run task
[2022-02-01 10:23:08,269] {standard_task_runner.py:76} INFO - Running: ['***', 'tasks', 'run', 'gcp_ingest_yellow_taxi', 'local_to_gcs_task', 'scheduled__2019-07-02T05:00:00+00:00', '--job-id', '578', '--raw', '--subdir', 'DAGS_FOLDER/dag_***_gcp_yellow_taxi.py', '--cfg-path', '/tmp/tmp0qexdc_q', '--error-file', '/tmp/tmpiibmz_6a']
[2022-02-01 10:23:08,274] {standard_task_runner.py:77} INFO - Job 578: Subtask local_to_gcs_task
[2022-02-01 10:23:08,349] {logging_mixin.py:109} INFO - Running <TaskInstance: gcp_ingest_yellow_taxi.local_to_gcs_task scheduled__2019-07-02T05:00:00+00:00 [running]> on host 78d49910abc7
[2022-02-01 10:23:08,399] {logging_mixin.py:109} WARNING - /home/***/.local/lib/python3.7/site-packages/***/utils/context.py:152 AirflowContextDeprecationWarning: Accessing 'execution_date' from the template is deprecated and will be removed in a future version. Please use 'data_interval_start' or 'logical_date' instead.
[2022-02-01 10:23:08,422] {taskinstance.py:1426} INFO - Exporting the following env vars:
AIRFLOW_CTX_DAG_OWNER=***
AIRFLOW_CTX_DAG_ID=gcp_ingest_yellow_taxi
AIRFLOW_CTX_TASK_ID=local_to_gcs_task
AIRFLOW_CTX_EXECUTION_DATE=2019-07-02T05:00:00+00:00
AIRFLOW_CTX_DAG_RUN_ID=scheduled__2019-07-02T05:00:00+00:00
[2022-02-01 10:23:33,070] {python.py:175} INFO - Done. Returned value was: None
[2022-02-01 10:23:33,091] {taskinstance.py:1277} INFO - Marking task as SUCCESS. dag_id=gcp_ingest_yellow_taxi, task_id=local_to_gcs_task, execution_date=20190702T050000, start_date=20220201T102308, end_date=20220201T102333
[2022-02-01 10:23:33,132] {local_task_job.py:154} INFO - Task exited with return code 0
[2022-02-01 10:23:33,173] {local_task_job.py:264} INFO - 1 downstream tasks scheduled from follow-on schedule check
