[2022-02-01 16:49:57,688] {taskinstance.py:1032} INFO - Dependencies all met for <TaskInstance: gcp_ingest_yellow_taxi.format_to_parquet_task scheduled__2019-03-02T05:00:00+00:00 [queued]>
[2022-02-01 16:49:57,702] {taskinstance.py:1032} INFO - Dependencies all met for <TaskInstance: gcp_ingest_yellow_taxi.format_to_parquet_task scheduled__2019-03-02T05:00:00+00:00 [queued]>
[2022-02-01 16:49:57,703] {taskinstance.py:1238} INFO - 
--------------------------------------------------------------------------------
[2022-02-01 16:49:57,704] {taskinstance.py:1239} INFO - Starting attempt 1 of 1
[2022-02-01 16:49:57,704] {taskinstance.py:1240} INFO - 
--------------------------------------------------------------------------------
[2022-02-01 16:49:57,718] {taskinstance.py:1259} INFO - Executing <Task(PythonOperator): format_to_parquet_task> on 2019-03-02 05:00:00+00:00
[2022-02-01 16:49:57,726] {standard_task_runner.py:52} INFO - Started process 53193 to run task
[2022-02-01 16:49:57,730] {standard_task_runner.py:76} INFO - Running: ['***', 'tasks', 'run', 'gcp_ingest_yellow_taxi', 'format_to_parquet_task', 'scheduled__2019-03-02T05:00:00+00:00', '--job-id', '582', '--raw', '--subdir', 'DAGS_FOLDER/dag_***_gcp_yellow_taxi.py', '--cfg-path', '/tmp/tmp5vh1tzd6', '--error-file', '/tmp/tmpta3rso4h']
[2022-02-01 16:49:57,731] {standard_task_runner.py:77} INFO - Job 582: Subtask format_to_parquet_task
[2022-02-01 16:49:57,807] {logging_mixin.py:109} INFO - Running <TaskInstance: gcp_ingest_yellow_taxi.format_to_parquet_task scheduled__2019-03-02T05:00:00+00:00 [running]> on host 78d49910abc7
[2022-02-01 16:49:57,863] {logging_mixin.py:109} WARNING - /home/***/.local/lib/python3.7/site-packages/***/utils/context.py:152 AirflowContextDeprecationWarning: Accessing 'execution_date' from the template is deprecated and will be removed in a future version. Please use 'data_interval_start' or 'logical_date' instead.
[2022-02-01 16:49:57,884] {taskinstance.py:1426} INFO - Exporting the following env vars:
AIRFLOW_CTX_DAG_OWNER=***
AIRFLOW_CTX_DAG_ID=gcp_ingest_yellow_taxi
AIRFLOW_CTX_TASK_ID=format_to_parquet_task
AIRFLOW_CTX_EXECUTION_DATE=2019-03-02T05:00:00+00:00
AIRFLOW_CTX_DAG_RUN_ID=scheduled__2019-03-02T05:00:00+00:00
[2022-02-01 16:50:30,894] {python.py:175} INFO - Done. Returned value was: None
[2022-02-01 16:50:30,976] {taskinstance.py:1277} INFO - Marking task as SUCCESS. dag_id=gcp_ingest_yellow_taxi, task_id=format_to_parquet_task, execution_date=20190302T050000, start_date=20220201T164957, end_date=20220201T165030
[2022-02-01 16:50:35,755] {local_task_job.py:212} WARNING - State of this instance has been externally set to success. Terminating instance.
[2022-02-01 16:50:35,789] {process_utils.py:124} INFO - Sending Signals.SIGTERM to group 53193. PIDs of all processes in the group: [53193]
[2022-02-01 16:50:35,792] {process_utils.py:75} INFO - Sending the signal Signals.SIGTERM to group 53193
[2022-02-01 16:50:36,172] {process_utils.py:70} INFO - Process psutil.Process(pid=53193, status='terminated', exitcode=0, started='16:49:56') (53193) terminated with exit code 0
