[2022-02-01 16:50:34,935] {taskinstance.py:1032} INFO - Dependencies all met for <TaskInstance: gcp_ingest_yellow_taxi.local_to_gcs_task scheduled__2019-03-02T05:00:00+00:00 [queued]>
[2022-02-01 16:50:34,952] {taskinstance.py:1032} INFO - Dependencies all met for <TaskInstance: gcp_ingest_yellow_taxi.local_to_gcs_task scheduled__2019-03-02T05:00:00+00:00 [queued]>
[2022-02-01 16:50:34,954] {taskinstance.py:1238} INFO - 
--------------------------------------------------------------------------------
[2022-02-01 16:50:34,955] {taskinstance.py:1239} INFO - Starting attempt 1 of 1
[2022-02-01 16:50:34,956] {taskinstance.py:1240} INFO - 
--------------------------------------------------------------------------------
[2022-02-01 16:50:34,972] {taskinstance.py:1259} INFO - Executing <Task(PythonOperator): local_to_gcs_task> on 2019-03-02 05:00:00+00:00
[2022-02-01 16:50:35,013] {standard_task_runner.py:52} INFO - Started process 53251 to run task
[2022-02-01 16:50:35,021] {standard_task_runner.py:76} INFO - Running: ['***', 'tasks', 'run', 'gcp_ingest_yellow_taxi', 'local_to_gcs_task', 'scheduled__2019-03-02T05:00:00+00:00', '--job-id', '583', '--raw', '--subdir', 'DAGS_FOLDER/dag_***_gcp_yellow_taxi.py', '--cfg-path', '/tmp/tmptylg9n3z', '--error-file', '/tmp/tmp5p7hv8qk']
[2022-02-01 16:50:35,026] {standard_task_runner.py:77} INFO - Job 583: Subtask local_to_gcs_task
[2022-02-01 16:50:35,353] {logging_mixin.py:109} INFO - Running <TaskInstance: gcp_ingest_yellow_taxi.local_to_gcs_task scheduled__2019-03-02T05:00:00+00:00 [running]> on host 78d49910abc7
[2022-02-01 16:50:35,439] {logging_mixin.py:109} WARNING - /home/***/.local/lib/python3.7/site-packages/***/utils/context.py:152 AirflowContextDeprecationWarning: Accessing 'execution_date' from the template is deprecated and will be removed in a future version. Please use 'data_interval_start' or 'logical_date' instead.
[2022-02-01 16:50:35,494] {taskinstance.py:1426} INFO - Exporting the following env vars:
AIRFLOW_CTX_DAG_OWNER=***
AIRFLOW_CTX_DAG_ID=gcp_ingest_yellow_taxi
AIRFLOW_CTX_TASK_ID=local_to_gcs_task
AIRFLOW_CTX_EXECUTION_DATE=2019-03-02T05:00:00+00:00
AIRFLOW_CTX_DAG_RUN_ID=scheduled__2019-03-02T05:00:00+00:00
[2022-02-01 16:51:04,448] {python.py:175} INFO - Done. Returned value was: None
[2022-02-01 16:51:04,465] {taskinstance.py:1277} INFO - Marking task as SUCCESS. dag_id=gcp_ingest_yellow_taxi, task_id=local_to_gcs_task, execution_date=20190302T050000, start_date=20220201T165034, end_date=20220201T165104
[2022-02-01 16:51:04,512] {local_task_job.py:154} INFO - Task exited with return code 0
[2022-02-01 16:51:04,554] {local_task_job.py:264} INFO - 1 downstream tasks scheduled from follow-on schedule check
