[2022-02-01 10:12:55,641] {taskinstance.py:1032} INFO - Dependencies all met for <TaskInstance: gcp_ingest_yellow_taxi.bigquery_external_table_task scheduled__2019-06-02T05:00:00+00:00 [queued]>
[2022-02-01 10:12:55,654] {taskinstance.py:1032} INFO - Dependencies all met for <TaskInstance: gcp_ingest_yellow_taxi.bigquery_external_table_task scheduled__2019-06-02T05:00:00+00:00 [queued]>
[2022-02-01 10:12:55,655] {taskinstance.py:1238} INFO - 
--------------------------------------------------------------------------------
[2022-02-01 10:12:55,656] {taskinstance.py:1239} INFO - Starting attempt 1 of 1
[2022-02-01 10:12:55,657] {taskinstance.py:1240} INFO - 
--------------------------------------------------------------------------------
[2022-02-01 10:12:55,671] {taskinstance.py:1259} INFO - Executing <Task(BigQueryCreateExternalTableOperator): bigquery_external_table_task> on 2019-06-02 05:00:00+00:00
[2022-02-01 10:12:55,677] {standard_task_runner.py:52} INFO - Started process 12988 to run task
[2022-02-01 10:12:55,681] {standard_task_runner.py:76} INFO - Running: ['***', 'tasks', 'run', 'gcp_ingest_yellow_taxi', 'bigquery_external_table_task', 'scheduled__2019-06-02T05:00:00+00:00', '--job-id', '574', '--raw', '--subdir', 'DAGS_FOLDER/dag_***_gcp_yellow_taxi.py', '--cfg-path', '/tmp/tmppnpmjyhu', '--error-file', '/tmp/tmpelclilc2']
[2022-02-01 10:12:55,683] {standard_task_runner.py:77} INFO - Job 574: Subtask bigquery_external_table_task
[2022-02-01 10:12:55,751] {logging_mixin.py:109} INFO - Running <TaskInstance: gcp_ingest_yellow_taxi.bigquery_external_table_task scheduled__2019-06-02T05:00:00+00:00 [running]> on host 78d49910abc7
[2022-02-01 10:12:55,802] {logging_mixin.py:109} WARNING - /home/***/.local/lib/python3.7/site-packages/***/utils/context.py:152 AirflowContextDeprecationWarning: Accessing 'execution_date' from the template is deprecated and will be removed in a future version. Please use 'data_interval_start' or 'logical_date' instead.
[2022-02-01 10:12:55,825] {taskinstance.py:1426} INFO - Exporting the following env vars:
AIRFLOW_CTX_DAG_OWNER=***
AIRFLOW_CTX_DAG_ID=gcp_ingest_yellow_taxi
AIRFLOW_CTX_TASK_ID=bigquery_external_table_task
AIRFLOW_CTX_EXECUTION_DATE=2019-06-02T05:00:00+00:00
AIRFLOW_CTX_DAG_RUN_ID=scheduled__2019-06-02T05:00:00+00:00
[2022-02-01 10:12:55,827] {crypto.py:82} WARNING - empty cryptography key - values will not be stored encrypted.
[2022-02-01 10:12:56,775] {taskinstance.py:1277} INFO - Marking task as SUCCESS. dag_id=gcp_ingest_yellow_taxi, task_id=bigquery_external_table_task, execution_date=20190602T050000, start_date=20220201T101255, end_date=20220201T101256
[2022-02-01 10:12:56,832] {local_task_job.py:154} INFO - Task exited with return code 0
[2022-02-01 10:12:56,872] {local_task_job.py:264} INFO - 1 downstream tasks scheduled from follow-on schedule check
