[2022-02-01 08:42:35,632] {taskinstance.py:1032} INFO - Dependencies all met for <TaskInstance: gcp_ingest_yellow_taxi.download_dataset_task scheduled__2019-01-02T05:00:00+00:00 [queued]>
[2022-02-01 08:42:35,654] {taskinstance.py:1032} INFO - Dependencies all met for <TaskInstance: gcp_ingest_yellow_taxi.download_dataset_task scheduled__2019-01-02T05:00:00+00:00 [queued]>
[2022-02-01 08:42:35,656] {taskinstance.py:1238} INFO - 
--------------------------------------------------------------------------------
[2022-02-01 08:42:35,657] {taskinstance.py:1239} INFO - Starting attempt 1 of 1
[2022-02-01 08:42:35,657] {taskinstance.py:1240} INFO - 
--------------------------------------------------------------------------------
[2022-02-01 08:42:35,672] {taskinstance.py:1259} INFO - Executing <Task(BashOperator): download_dataset_task> on 2019-01-02 05:00:00+00:00
[2022-02-01 08:42:35,682] {standard_task_runner.py:52} INFO - Started process 3712 to run task
[2022-02-01 08:42:35,687] {standard_task_runner.py:76} INFO - Running: ['***', 'tasks', 'run', 'gcp_ingest_yellow_taxi', 'download_dataset_task', 'scheduled__2019-01-02T05:00:00+00:00', '--job-id', '548', '--raw', '--subdir', 'DAGS_FOLDER/dag_***_gcp_yellow_taxi.py', '--cfg-path', '/tmp/tmpwppoub5q', '--error-file', '/tmp/tmpjleikens']
[2022-02-01 08:42:35,689] {standard_task_runner.py:77} INFO - Job 548: Subtask download_dataset_task
[2022-02-01 08:42:35,755] {logging_mixin.py:109} INFO - Running <TaskInstance: gcp_ingest_yellow_taxi.download_dataset_task scheduled__2019-01-02T05:00:00+00:00 [running]> on host 78d49910abc7
[2022-02-01 08:42:35,803] {logging_mixin.py:109} WARNING - /home/***/.local/lib/python3.7/site-packages/***/utils/context.py:152 AirflowContextDeprecationWarning: Accessing 'execution_date' from the template is deprecated and will be removed in a future version. Please use 'data_interval_start' or 'logical_date' instead.
[2022-02-01 08:42:35,831] {taskinstance.py:1426} INFO - Exporting the following env vars:
AIRFLOW_CTX_DAG_OWNER=***
AIRFLOW_CTX_DAG_ID=gcp_ingest_yellow_taxi
AIRFLOW_CTX_TASK_ID=download_dataset_task
AIRFLOW_CTX_EXECUTION_DATE=2019-01-02T05:00:00+00:00
AIRFLOW_CTX_DAG_RUN_ID=scheduled__2019-01-02T05:00:00+00:00
[2022-02-01 08:42:35,833] {subprocess.py:62} INFO - Tmp dir root location: 
 /tmp
[2022-02-01 08:42:35,834] {subprocess.py:74} INFO - Running command: ['bash', '-c', 'curl -sSLf https://s3.amazonaws.com/nyc-tlc/trip+data/yellow_tripdata_2019-01.csv > /opt/***/output_2019-01.csv']
[2022-02-01 08:42:35,848] {subprocess.py:85} INFO - Output:
[2022-02-01 08:58:50,342] {subprocess.py:93} INFO - Command exited with return code 0
[2022-02-01 08:58:50,746] {taskinstance.py:1277} INFO - Marking task as SUCCESS. dag_id=gcp_ingest_yellow_taxi, task_id=download_dataset_task, execution_date=20190102T050000, start_date=20220201T084235, end_date=20220201T085850
[2022-02-01 08:58:50,893] {local_task_job.py:154} INFO - Task exited with return code 0
[2022-02-01 08:58:50,955] {local_task_job.py:264} INFO - 1 downstream tasks scheduled from follow-on schedule check
