[2022-02-01 09:46:09,420] {taskinstance.py:1032} INFO - Dependencies all met for <TaskInstance: gcp_ingest_yellow_taxi.format_to_parquet_task scheduled__2019-04-02T05:00:00+00:00 [queued]>
[2022-02-01 09:46:09,434] {taskinstance.py:1032} INFO - Dependencies all met for <TaskInstance: gcp_ingest_yellow_taxi.format_to_parquet_task scheduled__2019-04-02T05:00:00+00:00 [queued]>
[2022-02-01 09:46:09,435] {taskinstance.py:1238} INFO - 
--------------------------------------------------------------------------------
[2022-02-01 09:46:09,436] {taskinstance.py:1239} INFO - Starting attempt 1 of 1
[2022-02-01 09:46:09,437] {taskinstance.py:1240} INFO - 
--------------------------------------------------------------------------------
[2022-02-01 09:46:09,451] {taskinstance.py:1259} INFO - Executing <Task(PythonOperator): format_to_parquet_task> on 2019-04-02 05:00:00+00:00
[2022-02-01 09:46:09,457] {standard_task_runner.py:52} INFO - Started process 10212 to run task
[2022-02-01 09:46:09,461] {standard_task_runner.py:76} INFO - Running: ['***', 'tasks', 'run', 'gcp_ingest_yellow_taxi', 'format_to_parquet_task', 'scheduled__2019-04-02T05:00:00+00:00', '--job-id', '562', '--raw', '--subdir', 'DAGS_FOLDER/dag_***_gcp_yellow_taxi.py', '--cfg-path', '/tmp/tmpiat0_aeb', '--error-file', '/tmp/tmp__sxchrk']
[2022-02-01 09:46:09,463] {standard_task_runner.py:77} INFO - Job 562: Subtask format_to_parquet_task
[2022-02-01 09:46:09,533] {logging_mixin.py:109} INFO - Running <TaskInstance: gcp_ingest_yellow_taxi.format_to_parquet_task scheduled__2019-04-02T05:00:00+00:00 [running]> on host 78d49910abc7
[2022-02-01 09:46:09,583] {logging_mixin.py:109} WARNING - /home/***/.local/lib/python3.7/site-packages/***/utils/context.py:152 AirflowContextDeprecationWarning: Accessing 'execution_date' from the template is deprecated and will be removed in a future version. Please use 'data_interval_start' or 'logical_date' instead.
[2022-02-01 09:46:09,603] {taskinstance.py:1426} INFO - Exporting the following env vars:
AIRFLOW_CTX_DAG_OWNER=***
AIRFLOW_CTX_DAG_ID=gcp_ingest_yellow_taxi
AIRFLOW_CTX_TASK_ID=format_to_parquet_task
AIRFLOW_CTX_EXECUTION_DATE=2019-04-02T05:00:00+00:00
AIRFLOW_CTX_DAG_RUN_ID=scheduled__2019-04-02T05:00:00+00:00
[2022-02-01 09:46:18,054] {python.py:175} INFO - Done. Returned value was: None
[2022-02-01 09:46:18,079] {taskinstance.py:1277} INFO - Marking task as SUCCESS. dag_id=gcp_ingest_yellow_taxi, task_id=format_to_parquet_task, execution_date=20190402T050000, start_date=20220201T094609, end_date=20220201T094618
[2022-02-01 09:46:19,003] {local_task_job.py:154} INFO - Task exited with return code 0
[2022-02-01 09:46:19,057] {local_task_job.py:264} INFO - 0 downstream tasks scheduled from follow-on schedule check
