[2022-02-01 08:41:56,200] {taskinstance.py:1032} INFO - Dependencies all met for <TaskInstance: gcp_ingest_fhv.remove_old_files_task scheduled__2019-01-02T05:00:00+00:00 [queued]>
[2022-02-01 08:41:56,216] {taskinstance.py:1032} INFO - Dependencies all met for <TaskInstance: gcp_ingest_fhv.remove_old_files_task scheduled__2019-01-02T05:00:00+00:00 [queued]>
[2022-02-01 08:41:56,217] {taskinstance.py:1238} INFO - 
--------------------------------------------------------------------------------
[2022-02-01 08:41:56,217] {taskinstance.py:1239} INFO - Starting attempt 1 of 1
[2022-02-01 08:41:56,218] {taskinstance.py:1240} INFO - 
--------------------------------------------------------------------------------
[2022-02-01 08:41:56,234] {taskinstance.py:1259} INFO - Executing <Task(BashOperator): remove_old_files_task> on 2019-01-02 05:00:00+00:00
[2022-02-01 08:41:56,243] {standard_task_runner.py:52} INFO - Started process 3647 to run task
[2022-02-01 08:41:56,248] {standard_task_runner.py:76} INFO - Running: ['***', 'tasks', 'run', 'gcp_ingest_fhv', 'remove_old_files_task', 'scheduled__2019-01-02T05:00:00+00:00', '--job-id', '547', '--raw', '--subdir', 'DAGS_FOLDER/dag_***_gcp_fhv.py', '--cfg-path', '/tmp/tmpytft6j5z', '--error-file', '/tmp/tmpj9wv0jqn']
[2022-02-01 08:41:56,250] {standard_task_runner.py:77} INFO - Job 547: Subtask remove_old_files_task
[2022-02-01 08:41:56,321] {logging_mixin.py:109} INFO - Running <TaskInstance: gcp_ingest_fhv.remove_old_files_task scheduled__2019-01-02T05:00:00+00:00 [running]> on host 78d49910abc7
[2022-02-01 08:41:56,371] {logging_mixin.py:109} WARNING - /home/***/.local/lib/python3.7/site-packages/***/utils/context.py:152 AirflowContextDeprecationWarning: Accessing 'execution_date' from the template is deprecated and will be removed in a future version. Please use 'data_interval_start' or 'logical_date' instead.
[2022-02-01 08:41:56,395] {taskinstance.py:1426} INFO - Exporting the following env vars:
AIRFLOW_CTX_DAG_OWNER=***
AIRFLOW_CTX_DAG_ID=gcp_ingest_fhv
AIRFLOW_CTX_TASK_ID=remove_old_files_task
AIRFLOW_CTX_EXECUTION_DATE=2019-01-02T05:00:00+00:00
AIRFLOW_CTX_DAG_RUN_ID=scheduled__2019-01-02T05:00:00+00:00
[2022-02-01 08:41:56,398] {subprocess.py:62} INFO - Tmp dir root location: 
 /tmp
[2022-02-01 08:41:56,401] {subprocess.py:74} INFO - Running command: ['bash', '-c', 'rm /opt/***/output_2019-01.csv /opt/***/output_2019-01.parquet']
[2022-02-01 08:41:56,417] {subprocess.py:85} INFO - Output:
[2022-02-01 08:41:57,213] {subprocess.py:93} INFO - Command exited with return code 0
[2022-02-01 08:41:57,248] {taskinstance.py:1277} INFO - Marking task as SUCCESS. dag_id=gcp_ingest_fhv, task_id=remove_old_files_task, execution_date=20190102T050000, start_date=20220201T084156, end_date=20220201T084157
[2022-02-01 08:41:57,307] {local_task_job.py:154} INFO - Task exited with return code 0
[2022-02-01 08:41:57,376] {local_task_job.py:264} INFO - 0 downstream tasks scheduled from follow-on schedule check
