[2022-02-02 07:29:01,680] {taskinstance.py:1032} INFO - Dependencies all met for <TaskInstance: gcp_ingest_zones.download_dataset_task scheduled__2022-02-01T00:00:00+00:00 [queued]>
[2022-02-02 07:29:01,700] {taskinstance.py:1032} INFO - Dependencies all met for <TaskInstance: gcp_ingest_zones.download_dataset_task scheduled__2022-02-01T00:00:00+00:00 [queued]>
[2022-02-02 07:29:01,701] {taskinstance.py:1238} INFO - 
--------------------------------------------------------------------------------
[2022-02-02 07:29:01,702] {taskinstance.py:1239} INFO - Starting attempt 1 of 1
[2022-02-02 07:29:01,703] {taskinstance.py:1240} INFO - 
--------------------------------------------------------------------------------
[2022-02-02 07:29:01,734] {taskinstance.py:1259} INFO - Executing <Task(BashOperator): download_dataset_task> on 2022-02-01 00:00:00+00:00
[2022-02-02 07:29:01,754] {standard_task_runner.py:52} INFO - Started process 200 to run task
[2022-02-02 07:29:01,771] {standard_task_runner.py:76} INFO - Running: ['***', 'tasks', 'run', 'gcp_ingest_zones', 'download_dataset_task', 'scheduled__2022-02-01T00:00:00+00:00', '--job-id', '587', '--raw', '--subdir', 'DAGS_FOLDER/dag_***_zones.py', '--cfg-path', '/tmp/tmp0jtm7nc0', '--error-file', '/tmp/tmpoxwsyu5g']
[2022-02-02 07:29:01,778] {standard_task_runner.py:77} INFO - Job 587: Subtask download_dataset_task
[2022-02-02 07:29:01,873] {logging_mixin.py:109} INFO - Running <TaskInstance: gcp_ingest_zones.download_dataset_task scheduled__2022-02-01T00:00:00+00:00 [running]> on host 34481340dc44
[2022-02-02 07:29:02,005] {taskinstance.py:1426} INFO - Exporting the following env vars:
AIRFLOW_CTX_DAG_OWNER=***
AIRFLOW_CTX_DAG_ID=gcp_ingest_zones
AIRFLOW_CTX_TASK_ID=download_dataset_task
AIRFLOW_CTX_EXECUTION_DATE=2022-02-01T00:00:00+00:00
AIRFLOW_CTX_DAG_RUN_ID=scheduled__2022-02-01T00:00:00+00:00
[2022-02-02 07:29:02,009] {subprocess.py:62} INFO - Tmp dir root location: 
 /tmp
[2022-02-02 07:29:02,011] {subprocess.py:74} INFO - Running command: ['bash', '-c', 'curl -sSLf https://s3.amazonaws.com/nyc-tlc/misc/taxi+_zone_lookup.csv > /opt/***/zones.csv']
[2022-02-02 07:29:02,038] {subprocess.py:85} INFO - Output:
[2022-02-02 07:29:02,601] {subprocess.py:93} INFO - Command exited with return code 0
[2022-02-02 07:29:02,683] {taskinstance.py:1277} INFO - Marking task as SUCCESS. dag_id=gcp_ingest_zones, task_id=download_dataset_task, execution_date=20220201T000000, start_date=20220202T072901, end_date=20220202T072902
[2022-02-02 07:29:02,733] {local_task_job.py:154} INFO - Task exited with return code 0
[2022-02-02 07:29:02,840] {local_task_job.py:264} INFO - 1 downstream tasks scheduled from follow-on schedule check
