[2022-02-01 10:12:26,093] {taskinstance.py:1032} INFO - Dependencies all met for <TaskInstance: gcp_ingest_yellow_taxi.local_to_gcs_task scheduled__2019-06-02T05:00:00+00:00 [queued]>
[2022-02-01 10:12:26,105] {taskinstance.py:1032} INFO - Dependencies all met for <TaskInstance: gcp_ingest_yellow_taxi.local_to_gcs_task scheduled__2019-06-02T05:00:00+00:00 [queued]>
[2022-02-01 10:12:26,106] {taskinstance.py:1238} INFO - 
--------------------------------------------------------------------------------
[2022-02-01 10:12:26,107] {taskinstance.py:1239} INFO - Starting attempt 1 of 1
[2022-02-01 10:12:26,107] {taskinstance.py:1240} INFO - 
--------------------------------------------------------------------------------
[2022-02-01 10:12:26,119] {taskinstance.py:1259} INFO - Executing <Task(PythonOperator): local_to_gcs_task> on 2019-06-02 05:00:00+00:00
[2022-02-01 10:12:26,125] {standard_task_runner.py:52} INFO - Started process 12944 to run task
[2022-02-01 10:12:26,129] {standard_task_runner.py:76} INFO - Running: ['***', 'tasks', 'run', 'gcp_ingest_yellow_taxi', 'local_to_gcs_task', 'scheduled__2019-06-02T05:00:00+00:00', '--job-id', '573', '--raw', '--subdir', 'DAGS_FOLDER/dag_***_gcp_yellow_taxi.py', '--cfg-path', '/tmp/tmpm98txakr', '--error-file', '/tmp/tmp2og5qj5z']
[2022-02-01 10:12:26,131] {standard_task_runner.py:77} INFO - Job 573: Subtask local_to_gcs_task
[2022-02-01 10:12:26,197] {logging_mixin.py:109} INFO - Running <TaskInstance: gcp_ingest_yellow_taxi.local_to_gcs_task scheduled__2019-06-02T05:00:00+00:00 [running]> on host 78d49910abc7
[2022-02-01 10:12:26,250] {logging_mixin.py:109} WARNING - /home/***/.local/lib/python3.7/site-packages/***/utils/context.py:152 AirflowContextDeprecationWarning: Accessing 'execution_date' from the template is deprecated and will be removed in a future version. Please use 'data_interval_start' or 'logical_date' instead.
[2022-02-01 10:12:26,271] {taskinstance.py:1426} INFO - Exporting the following env vars:
AIRFLOW_CTX_DAG_OWNER=***
AIRFLOW_CTX_DAG_ID=gcp_ingest_yellow_taxi
AIRFLOW_CTX_TASK_ID=local_to_gcs_task
AIRFLOW_CTX_EXECUTION_DATE=2019-06-02T05:00:00+00:00
AIRFLOW_CTX_DAG_RUN_ID=scheduled__2019-06-02T05:00:00+00:00
[2022-02-01 10:12:53,636] {python.py:175} INFO - Done. Returned value was: None
[2022-02-01 10:12:53,657] {taskinstance.py:1277} INFO - Marking task as SUCCESS. dag_id=gcp_ingest_yellow_taxi, task_id=local_to_gcs_task, execution_date=20190602T050000, start_date=20220201T101226, end_date=20220201T101253
[2022-02-01 10:12:53,711] {local_task_job.py:154} INFO - Task exited with return code 0
[2022-02-01 10:12:53,761] {local_task_job.py:264} INFO - 1 downstream tasks scheduled from follow-on schedule check
