[2022-02-01 08:41:53,442] {taskinstance.py:1032} INFO - Dependencies all met for <TaskInstance: gcp_ingest_fhv.bigquery_external_table_task scheduled__2019-01-02T05:00:00+00:00 [queued]>
[2022-02-01 08:41:53,455] {taskinstance.py:1032} INFO - Dependencies all met for <TaskInstance: gcp_ingest_fhv.bigquery_external_table_task scheduled__2019-01-02T05:00:00+00:00 [queued]>
[2022-02-01 08:41:53,455] {taskinstance.py:1238} INFO - 
--------------------------------------------------------------------------------
[2022-02-01 08:41:53,456] {taskinstance.py:1239} INFO - Starting attempt 1 of 1
[2022-02-01 08:41:53,457] {taskinstance.py:1240} INFO - 
--------------------------------------------------------------------------------
[2022-02-01 08:41:53,468] {taskinstance.py:1259} INFO - Executing <Task(BigQueryCreateExternalTableOperator): bigquery_external_table_task> on 2019-01-02 05:00:00+00:00
[2022-02-01 08:41:53,474] {standard_task_runner.py:52} INFO - Started process 3631 to run task
[2022-02-01 08:41:53,478] {standard_task_runner.py:76} INFO - Running: ['***', 'tasks', 'run', 'gcp_ingest_fhv', 'bigquery_external_table_task', 'scheduled__2019-01-02T05:00:00+00:00', '--job-id', '546', '--raw', '--subdir', 'DAGS_FOLDER/dag_***_gcp_fhv.py', '--cfg-path', '/tmp/tmpfs2xpcxe', '--error-file', '/tmp/tmpeinw7e7f']
[2022-02-01 08:41:53,480] {standard_task_runner.py:77} INFO - Job 546: Subtask bigquery_external_table_task
[2022-02-01 08:41:53,537] {logging_mixin.py:109} INFO - Running <TaskInstance: gcp_ingest_fhv.bigquery_external_table_task scheduled__2019-01-02T05:00:00+00:00 [running]> on host 78d49910abc7
[2022-02-01 08:41:53,584] {logging_mixin.py:109} WARNING - /home/***/.local/lib/python3.7/site-packages/***/utils/context.py:152 AirflowContextDeprecationWarning: Accessing 'execution_date' from the template is deprecated and will be removed in a future version. Please use 'data_interval_start' or 'logical_date' instead.
[2022-02-01 08:41:53,608] {taskinstance.py:1426} INFO - Exporting the following env vars:
AIRFLOW_CTX_DAG_OWNER=***
AIRFLOW_CTX_DAG_ID=gcp_ingest_fhv
AIRFLOW_CTX_TASK_ID=bigquery_external_table_task
AIRFLOW_CTX_EXECUTION_DATE=2019-01-02T05:00:00+00:00
AIRFLOW_CTX_DAG_RUN_ID=scheduled__2019-01-02T05:00:00+00:00
[2022-02-01 08:41:53,610] {crypto.py:82} WARNING - empty cryptography key - values will not be stored encrypted.
[2022-02-01 08:41:54,790] {taskinstance.py:1277} INFO - Marking task as SUCCESS. dag_id=gcp_ingest_fhv, task_id=bigquery_external_table_task, execution_date=20190102T050000, start_date=20220201T084153, end_date=20220201T084154
[2022-02-01 08:41:54,824] {local_task_job.py:154} INFO - Task exited with return code 0
[2022-02-01 08:41:54,861] {local_task_job.py:264} INFO - 1 downstream tasks scheduled from follow-on schedule check
