[2022-02-02 07:29:16,355] {taskinstance.py:1032} INFO - Dependencies all met for <TaskInstance: gcp_ingest_zones.remove_old_files_task scheduled__2022-02-01T00:00:00+00:00 [queued]>
[2022-02-02 07:29:16,372] {taskinstance.py:1032} INFO - Dependencies all met for <TaskInstance: gcp_ingest_zones.remove_old_files_task scheduled__2022-02-01T00:00:00+00:00 [queued]>
[2022-02-02 07:29:16,373] {taskinstance.py:1238} INFO - 
--------------------------------------------------------------------------------
[2022-02-02 07:29:16,375] {taskinstance.py:1239} INFO - Starting attempt 1 of 1
[2022-02-02 07:29:16,377] {taskinstance.py:1240} INFO - 
--------------------------------------------------------------------------------
[2022-02-02 07:29:16,400] {taskinstance.py:1259} INFO - Executing <Task(BashOperator): remove_old_files_task> on 2022-02-01 00:00:00+00:00
[2022-02-02 07:29:16,410] {standard_task_runner.py:52} INFO - Started process 248 to run task
[2022-02-02 07:29:16,431] {standard_task_runner.py:76} INFO - Running: ['***', 'tasks', 'run', 'gcp_ingest_zones', 'remove_old_files_task', 'scheduled__2022-02-01T00:00:00+00:00', '--job-id', '591', '--raw', '--subdir', 'DAGS_FOLDER/dag_***_zones.py', '--cfg-path', '/tmp/tmp4t1cx0i2', '--error-file', '/tmp/tmpqfoikluk']
[2022-02-02 07:29:16,435] {standard_task_runner.py:77} INFO - Job 591: Subtask remove_old_files_task
[2022-02-02 07:29:16,565] {logging_mixin.py:109} INFO - Running <TaskInstance: gcp_ingest_zones.remove_old_files_task scheduled__2022-02-01T00:00:00+00:00 [running]> on host 34481340dc44
[2022-02-02 07:29:16,681] {taskinstance.py:1426} INFO - Exporting the following env vars:
AIRFLOW_CTX_DAG_OWNER=***
AIRFLOW_CTX_DAG_ID=gcp_ingest_zones
AIRFLOW_CTX_TASK_ID=remove_old_files_task
AIRFLOW_CTX_EXECUTION_DATE=2022-02-01T00:00:00+00:00
AIRFLOW_CTX_DAG_RUN_ID=scheduled__2022-02-01T00:00:00+00:00
[2022-02-02 07:29:16,684] {subprocess.py:62} INFO - Tmp dir root location: 
 /tmp
[2022-02-02 07:29:16,689] {subprocess.py:74} INFO - Running command: ['bash', '-c', 'rm /opt/***/zones.csv /opt/***/zones.parquet']
[2022-02-02 07:29:16,716] {subprocess.py:85} INFO - Output:
[2022-02-02 07:29:16,736] {subprocess.py:93} INFO - Command exited with return code 0
[2022-02-02 07:29:16,807] {taskinstance.py:1277} INFO - Marking task as SUCCESS. dag_id=gcp_ingest_zones, task_id=remove_old_files_task, execution_date=20220201T000000, start_date=20220202T072916, end_date=20220202T072916
[2022-02-02 07:29:16,884] {local_task_job.py:154} INFO - Task exited with return code 0
[2022-02-02 07:29:17,074] {local_task_job.py:264} INFO - 0 downstream tasks scheduled from follow-on schedule check
