[2022-02-01 10:23:34,816] {taskinstance.py:1032} INFO - Dependencies all met for <TaskInstance: gcp_ingest_yellow_taxi.bigquery_external_table_task scheduled__2019-07-02T05:00:00+00:00 [queued]>
[2022-02-01 10:23:34,827] {taskinstance.py:1032} INFO - Dependencies all met for <TaskInstance: gcp_ingest_yellow_taxi.bigquery_external_table_task scheduled__2019-07-02T05:00:00+00:00 [queued]>
[2022-02-01 10:23:34,828] {taskinstance.py:1238} INFO - 
--------------------------------------------------------------------------------
[2022-02-01 10:23:34,828] {taskinstance.py:1239} INFO - Starting attempt 1 of 1
[2022-02-01 10:23:34,829] {taskinstance.py:1240} INFO - 
--------------------------------------------------------------------------------
[2022-02-01 10:23:34,840] {taskinstance.py:1259} INFO - Executing <Task(BigQueryCreateExternalTableOperator): bigquery_external_table_task> on 2019-07-02 05:00:00+00:00
[2022-02-01 10:23:34,846] {standard_task_runner.py:52} INFO - Started process 14093 to run task
[2022-02-01 10:23:34,850] {standard_task_runner.py:76} INFO - Running: ['***', 'tasks', 'run', 'gcp_ingest_yellow_taxi', 'bigquery_external_table_task', 'scheduled__2019-07-02T05:00:00+00:00', '--job-id', '579', '--raw', '--subdir', 'DAGS_FOLDER/dag_***_gcp_yellow_taxi.py', '--cfg-path', '/tmp/tmp0pzgf_n8', '--error-file', '/tmp/tmpqguaq1tv']
[2022-02-01 10:23:34,852] {standard_task_runner.py:77} INFO - Job 579: Subtask bigquery_external_table_task
[2022-02-01 10:23:34,916] {logging_mixin.py:109} INFO - Running <TaskInstance: gcp_ingest_yellow_taxi.bigquery_external_table_task scheduled__2019-07-02T05:00:00+00:00 [running]> on host 78d49910abc7
[2022-02-01 10:23:34,964] {logging_mixin.py:109} WARNING - /home/***/.local/lib/python3.7/site-packages/***/utils/context.py:152 AirflowContextDeprecationWarning: Accessing 'execution_date' from the template is deprecated and will be removed in a future version. Please use 'data_interval_start' or 'logical_date' instead.
[2022-02-01 10:23:34,984] {taskinstance.py:1426} INFO - Exporting the following env vars:
AIRFLOW_CTX_DAG_OWNER=***
AIRFLOW_CTX_DAG_ID=gcp_ingest_yellow_taxi
AIRFLOW_CTX_TASK_ID=bigquery_external_table_task
AIRFLOW_CTX_EXECUTION_DATE=2019-07-02T05:00:00+00:00
AIRFLOW_CTX_DAG_RUN_ID=scheduled__2019-07-02T05:00:00+00:00
[2022-02-01 10:23:34,986] {crypto.py:82} WARNING - empty cryptography key - values will not be stored encrypted.
[2022-02-01 10:23:35,946] {taskinstance.py:1277} INFO - Marking task as SUCCESS. dag_id=gcp_ingest_yellow_taxi, task_id=bigquery_external_table_task, execution_date=20190702T050000, start_date=20220201T102334, end_date=20220201T102335
[2022-02-01 10:23:35,997] {local_task_job.py:154} INFO - Task exited with return code 0
[2022-02-01 10:23:36,043] {local_task_job.py:264} INFO - 1 downstream tasks scheduled from follow-on schedule check
