[2022-02-01 08:39:00,710] {taskinstance.py:1032} INFO - Dependencies all met for <TaskInstance: gcp_ingest_fhv.format_to_parquet_task scheduled__2019-01-02T05:00:00+00:00 [queued]>
[2022-02-01 08:39:00,742] {taskinstance.py:1032} INFO - Dependencies all met for <TaskInstance: gcp_ingest_fhv.format_to_parquet_task scheduled__2019-01-02T05:00:00+00:00 [queued]>
[2022-02-01 08:39:00,748] {taskinstance.py:1238} INFO - 
--------------------------------------------------------------------------------
[2022-02-01 08:39:00,752] {taskinstance.py:1239} INFO - Starting attempt 3 of 3
[2022-02-01 08:39:00,753] {taskinstance.py:1240} INFO - 
--------------------------------------------------------------------------------
[2022-02-01 08:39:00,766] {taskinstance.py:1259} INFO - Executing <Task(PythonOperator): format_to_parquet_task> on 2019-01-02 05:00:00+00:00
[2022-02-01 08:39:00,774] {standard_task_runner.py:52} INFO - Started process 3406 to run task
[2022-02-01 08:39:00,780] {standard_task_runner.py:76} INFO - Running: ['***', 'tasks', 'run', 'gcp_ingest_fhv', 'format_to_parquet_task', 'scheduled__2019-01-02T05:00:00+00:00', '--job-id', '544', '--raw', '--subdir', 'DAGS_FOLDER/dag_***_gcp_fhv.py', '--cfg-path', '/tmp/tmpyyl6uas8', '--error-file', '/tmp/tmp6tl_dbzj']
[2022-02-01 08:39:00,782] {standard_task_runner.py:77} INFO - Job 544: Subtask format_to_parquet_task
[2022-02-01 08:39:00,875] {logging_mixin.py:109} INFO - Running <TaskInstance: gcp_ingest_fhv.format_to_parquet_task scheduled__2019-01-02T05:00:00+00:00 [running]> on host 78d49910abc7
[2022-02-01 08:39:00,945] {logging_mixin.py:109} WARNING - /home/***/.local/lib/python3.7/site-packages/***/utils/context.py:152 AirflowContextDeprecationWarning: Accessing 'execution_date' from the template is deprecated and will be removed in a future version. Please use 'data_interval_start' or 'logical_date' instead.
[2022-02-01 08:39:00,990] {taskinstance.py:1426} INFO - Exporting the following env vars:
AIRFLOW_CTX_DAG_OWNER=***
AIRFLOW_CTX_DAG_ID=gcp_ingest_fhv
AIRFLOW_CTX_TASK_ID=format_to_parquet_task
AIRFLOW_CTX_EXECUTION_DATE=2019-01-02T05:00:00+00:00
AIRFLOW_CTX_DAG_RUN_ID=scheduled__2019-01-02T05:00:00+00:00
[2022-02-01 08:40:58,972] {python.py:175} INFO - Done. Returned value was: None
[2022-02-01 08:40:59,488] {taskinstance.py:1277} INFO - Marking task as SUCCESS. dag_id=gcp_ingest_fhv, task_id=format_to_parquet_task, execution_date=20190102T050000, start_date=20220201T083900, end_date=20220201T084059
[2022-02-01 08:41:01,940] {local_task_job.py:212} WARNING - State of this instance has been externally set to success. Terminating instance.
[2022-02-01 08:41:02,079] {process_utils.py:124} INFO - Sending Signals.SIGTERM to group 3406. PIDs of all processes in the group: [3406]
[2022-02-01 08:41:02,085] {process_utils.py:75} INFO - Sending the signal Signals.SIGTERM to group 3406
[2022-02-01 08:41:11,510] {process_utils.py:70} INFO - Process psutil.Process(pid=3406, status='terminated', exitcode=0, started='08:39:00') (3406) terminated with exit code 0
