[2022-02-01 09:13:37,463] {taskinstance.py:1032} INFO - Dependencies all met for <TaskInstance: gcp_ingest_yellow_taxi.format_to_parquet_task scheduled__2019-02-02T05:00:00+00:00 [queued]>
[2022-02-01 09:13:37,476] {taskinstance.py:1032} INFO - Dependencies all met for <TaskInstance: gcp_ingest_yellow_taxi.format_to_parquet_task scheduled__2019-02-02T05:00:00+00:00 [queued]>
[2022-02-01 09:13:37,477] {taskinstance.py:1238} INFO - 
--------------------------------------------------------------------------------
[2022-02-01 09:13:37,478] {taskinstance.py:1239} INFO - Starting attempt 1 of 1
[2022-02-01 09:13:37,478] {taskinstance.py:1240} INFO - 
--------------------------------------------------------------------------------
[2022-02-01 09:13:37,490] {taskinstance.py:1259} INFO - Executing <Task(PythonOperator): format_to_parquet_task> on 2019-02-02 05:00:00+00:00
[2022-02-01 09:13:37,495] {standard_task_runner.py:52} INFO - Started process 6846 to run task
[2022-02-01 09:13:37,500] {standard_task_runner.py:76} INFO - Running: ['***', 'tasks', 'run', 'gcp_ingest_yellow_taxi', 'format_to_parquet_task', 'scheduled__2019-02-02T05:00:00+00:00', '--job-id', '551', '--raw', '--subdir', 'DAGS_FOLDER/dag_***_gcp_yellow_taxi.py', '--cfg-path', '/tmp/tmpk2mveuf4', '--error-file', '/tmp/tmp75e_huff']
[2022-02-01 09:13:37,502] {standard_task_runner.py:77} INFO - Job 551: Subtask format_to_parquet_task
[2022-02-01 09:13:37,567] {logging_mixin.py:109} INFO - Running <TaskInstance: gcp_ingest_yellow_taxi.format_to_parquet_task scheduled__2019-02-02T05:00:00+00:00 [running]> on host 78d49910abc7
[2022-02-01 09:13:37,609] {logging_mixin.py:109} WARNING - /home/***/.local/lib/python3.7/site-packages/***/utils/context.py:152 AirflowContextDeprecationWarning: Accessing 'execution_date' from the template is deprecated and will be removed in a future version. Please use 'data_interval_start' or 'logical_date' instead.
[2022-02-01 09:13:37,634] {taskinstance.py:1426} INFO - Exporting the following env vars:
AIRFLOW_CTX_DAG_OWNER=***
AIRFLOW_CTX_DAG_ID=gcp_ingest_yellow_taxi
AIRFLOW_CTX_TASK_ID=format_to_parquet_task
AIRFLOW_CTX_EXECUTION_DATE=2019-02-02T05:00:00+00:00
AIRFLOW_CTX_DAG_RUN_ID=scheduled__2019-02-02T05:00:00+00:00
[2022-02-01 09:13:53,301] {python.py:175} INFO - Done. Returned value was: None
[2022-02-01 09:13:53,383] {taskinstance.py:1277} INFO - Marking task as SUCCESS. dag_id=gcp_ingest_yellow_taxi, task_id=format_to_parquet_task, execution_date=20190202T050000, start_date=20220201T091337, end_date=20220201T091353
[2022-02-01 09:13:55,694] {local_task_job.py:154} INFO - Task exited with return code 0
[2022-02-01 09:13:55,786] {local_task_job.py:264} INFO - 0 downstream tasks scheduled from follow-on schedule check
