[2022-02-02 07:29:11,638] {taskinstance.py:1032} INFO - Dependencies all met for <TaskInstance: gcp_ingest_zones.bigquery_external_table_task scheduled__2022-02-01T00:00:00+00:00 [queued]>
[2022-02-02 07:29:11,658] {taskinstance.py:1032} INFO - Dependencies all met for <TaskInstance: gcp_ingest_zones.bigquery_external_table_task scheduled__2022-02-01T00:00:00+00:00 [queued]>
[2022-02-02 07:29:11,659] {taskinstance.py:1238} INFO - 
--------------------------------------------------------------------------------
[2022-02-02 07:29:11,660] {taskinstance.py:1239} INFO - Starting attempt 1 of 1
[2022-02-02 07:29:11,661] {taskinstance.py:1240} INFO - 
--------------------------------------------------------------------------------
[2022-02-02 07:29:11,676] {taskinstance.py:1259} INFO - Executing <Task(BigQueryCreateExternalTableOperator): bigquery_external_table_task> on 2022-02-01 00:00:00+00:00
[2022-02-02 07:29:11,690] {standard_task_runner.py:52} INFO - Started process 232 to run task
[2022-02-02 07:29:11,697] {standard_task_runner.py:76} INFO - Running: ['***', 'tasks', 'run', 'gcp_ingest_zones', 'bigquery_external_table_task', 'scheduled__2022-02-01T00:00:00+00:00', '--job-id', '590', '--raw', '--subdir', 'DAGS_FOLDER/dag_***_zones.py', '--cfg-path', '/tmp/tmpihe3ifyb', '--error-file', '/tmp/tmppgcd54sy']
[2022-02-02 07:29:11,699] {standard_task_runner.py:77} INFO - Job 590: Subtask bigquery_external_table_task
[2022-02-02 07:29:11,783] {logging_mixin.py:109} INFO - Running <TaskInstance: gcp_ingest_zones.bigquery_external_table_task scheduled__2022-02-01T00:00:00+00:00 [running]> on host 34481340dc44
[2022-02-02 07:29:11,868] {taskinstance.py:1426} INFO - Exporting the following env vars:
AIRFLOW_CTX_DAG_OWNER=***
AIRFLOW_CTX_DAG_ID=gcp_ingest_zones
AIRFLOW_CTX_TASK_ID=bigquery_external_table_task
AIRFLOW_CTX_EXECUTION_DATE=2022-02-01T00:00:00+00:00
AIRFLOW_CTX_DAG_RUN_ID=scheduled__2022-02-01T00:00:00+00:00
[2022-02-02 07:29:11,871] {crypto.py:82} WARNING - empty cryptography key - values will not be stored encrypted.
[2022-02-02 07:29:13,212] {taskinstance.py:1277} INFO - Marking task as SUCCESS. dag_id=gcp_ingest_zones, task_id=bigquery_external_table_task, execution_date=20220201T000000, start_date=20220202T072911, end_date=20220202T072913
[2022-02-02 07:29:13,281] {local_task_job.py:154} INFO - Task exited with return code 0
[2022-02-02 07:29:13,402] {local_task_job.py:264} INFO - 1 downstream tasks scheduled from follow-on schedule check
