[2022-02-01 16:36:21,714] {taskinstance.py:1032} INFO - Dependencies all met for <TaskInstance: gcp_ingest_yellow_taxi.download_dataset_task scheduled__2019-03-02T05:00:00+00:00 [queued]>
[2022-02-01 16:36:21,725] {taskinstance.py:1032} INFO - Dependencies all met for <TaskInstance: gcp_ingest_yellow_taxi.download_dataset_task scheduled__2019-03-02T05:00:00+00:00 [queued]>
[2022-02-01 16:36:21,726] {taskinstance.py:1238} INFO - 
--------------------------------------------------------------------------------
[2022-02-01 16:36:21,726] {taskinstance.py:1239} INFO - Starting attempt 2 of 2
[2022-02-01 16:36:21,727] {taskinstance.py:1240} INFO - 
--------------------------------------------------------------------------------
[2022-02-01 16:36:21,740] {taskinstance.py:1259} INFO - Executing <Task(BashOperator): download_dataset_task> on 2019-03-02 05:00:00+00:00
[2022-02-01 16:36:21,747] {standard_task_runner.py:52} INFO - Started process 51827 to run task
[2022-02-01 16:36:21,752] {standard_task_runner.py:76} INFO - Running: ['***', 'tasks', 'run', 'gcp_ingest_yellow_taxi', 'download_dataset_task', 'scheduled__2019-03-02T05:00:00+00:00', '--job-id', '581', '--raw', '--subdir', 'DAGS_FOLDER/dag_***_gcp_yellow_taxi.py', '--cfg-path', '/tmp/tmp2ovdwfur', '--error-file', '/tmp/tmpkhqi8qr2']
[2022-02-01 16:36:21,755] {standard_task_runner.py:77} INFO - Job 581: Subtask download_dataset_task
[2022-02-01 16:36:21,823] {logging_mixin.py:109} INFO - Running <TaskInstance: gcp_ingest_yellow_taxi.download_dataset_task scheduled__2019-03-02T05:00:00+00:00 [running]> on host 78d49910abc7
[2022-02-01 16:36:21,877] {logging_mixin.py:109} WARNING - /home/***/.local/lib/python3.7/site-packages/***/utils/context.py:152 AirflowContextDeprecationWarning: Accessing 'execution_date' from the template is deprecated and will be removed in a future version. Please use 'data_interval_start' or 'logical_date' instead.
[2022-02-01 16:36:21,899] {taskinstance.py:1426} INFO - Exporting the following env vars:
AIRFLOW_CTX_DAG_OWNER=***
AIRFLOW_CTX_DAG_ID=gcp_ingest_yellow_taxi
AIRFLOW_CTX_TASK_ID=download_dataset_task
AIRFLOW_CTX_EXECUTION_DATE=2019-03-02T05:00:00+00:00
AIRFLOW_CTX_DAG_RUN_ID=scheduled__2019-03-02T05:00:00+00:00
[2022-02-01 16:36:21,901] {subprocess.py:62} INFO - Tmp dir root location: 
 /tmp
[2022-02-01 16:36:21,903] {subprocess.py:74} INFO - Running command: ['bash', '-c', 'curl -sSLf https://s3.amazonaws.com/nyc-tlc/trip+data/yellow_tripdata_2019-03.csv > /opt/***/yellow_taxi_output_2019-03.csv']
[2022-02-01 16:36:21,922] {subprocess.py:85} INFO - Output:
[2022-02-01 16:49:56,238] {subprocess.py:93} INFO - Command exited with return code 0
[2022-02-01 16:49:56,283] {taskinstance.py:1277} INFO - Marking task as SUCCESS. dag_id=gcp_ingest_yellow_taxi, task_id=download_dataset_task, execution_date=20190302T050000, start_date=20220201T163621, end_date=20220201T164956
[2022-02-01 16:49:56,343] {local_task_job.py:154} INFO - Task exited with return code 0
[2022-02-01 16:49:56,386] {local_task_job.py:264} INFO - 1 downstream tasks scheduled from follow-on schedule check
