[2022-02-02 07:29:06,078] {taskinstance.py:1032} INFO - Dependencies all met for <TaskInstance: gcp_ingest_zones.format_to_parquet_task scheduled__2022-02-01T00:00:00+00:00 [queued]>
[2022-02-02 07:29:06,092] {taskinstance.py:1032} INFO - Dependencies all met for <TaskInstance: gcp_ingest_zones.format_to_parquet_task scheduled__2022-02-01T00:00:00+00:00 [queued]>
[2022-02-02 07:29:06,093] {taskinstance.py:1238} INFO - 
--------------------------------------------------------------------------------
[2022-02-02 07:29:06,095] {taskinstance.py:1239} INFO - Starting attempt 1 of 1
[2022-02-02 07:29:06,096] {taskinstance.py:1240} INFO - 
--------------------------------------------------------------------------------
[2022-02-02 07:29:06,110] {taskinstance.py:1259} INFO - Executing <Task(PythonOperator): format_to_parquet_task> on 2022-02-01 00:00:00+00:00
[2022-02-02 07:29:06,118] {standard_task_runner.py:52} INFO - Started process 215 to run task
[2022-02-02 07:29:06,123] {standard_task_runner.py:76} INFO - Running: ['***', 'tasks', 'run', 'gcp_ingest_zones', 'format_to_parquet_task', 'scheduled__2022-02-01T00:00:00+00:00', '--job-id', '588', '--raw', '--subdir', 'DAGS_FOLDER/dag_***_zones.py', '--cfg-path', '/tmp/tmpcbbelg7d', '--error-file', '/tmp/tmpsel8qg55']
[2022-02-02 07:29:06,126] {standard_task_runner.py:77} INFO - Job 588: Subtask format_to_parquet_task
[2022-02-02 07:29:06,198] {logging_mixin.py:109} INFO - Running <TaskInstance: gcp_ingest_zones.format_to_parquet_task scheduled__2022-02-01T00:00:00+00:00 [running]> on host 34481340dc44
[2022-02-02 07:29:06,266] {taskinstance.py:1426} INFO - Exporting the following env vars:
AIRFLOW_CTX_DAG_OWNER=***
AIRFLOW_CTX_DAG_ID=gcp_ingest_zones
AIRFLOW_CTX_TASK_ID=format_to_parquet_task
AIRFLOW_CTX_EXECUTION_DATE=2022-02-01T00:00:00+00:00
AIRFLOW_CTX_DAG_RUN_ID=scheduled__2022-02-01T00:00:00+00:00
[2022-02-02 07:29:06,421] {python.py:175} INFO - Done. Returned value was: None
[2022-02-02 07:29:06,439] {taskinstance.py:1277} INFO - Marking task as SUCCESS. dag_id=gcp_ingest_zones, task_id=format_to_parquet_task, execution_date=20220201T000000, start_date=20220202T072906, end_date=20220202T072906
[2022-02-02 07:29:06,498] {local_task_job.py:154} INFO - Task exited with return code 0
[2022-02-02 07:29:06,568] {local_task_job.py:264} INFO - 0 downstream tasks scheduled from follow-on schedule check
