[2022-02-01 10:00:09,387] {taskinstance.py:1032} INFO - Dependencies all met for <TaskInstance: gcp_ingest_yellow_taxi.format_to_parquet_task scheduled__2019-05-02T05:00:00+00:00 [queued]>
[2022-02-01 10:00:09,404] {taskinstance.py:1032} INFO - Dependencies all met for <TaskInstance: gcp_ingest_yellow_taxi.format_to_parquet_task scheduled__2019-05-02T05:00:00+00:00 [queued]>
[2022-02-01 10:00:09,405] {taskinstance.py:1238} INFO - 
--------------------------------------------------------------------------------
[2022-02-01 10:00:09,405] {taskinstance.py:1239} INFO - Starting attempt 1 of 1
[2022-02-01 10:00:09,406] {taskinstance.py:1240} INFO - 
--------------------------------------------------------------------------------
[2022-02-01 10:00:09,425] {taskinstance.py:1259} INFO - Executing <Task(PythonOperator): format_to_parquet_task> on 2019-05-02 05:00:00+00:00
[2022-02-01 10:00:09,431] {standard_task_runner.py:52} INFO - Started process 11652 to run task
[2022-02-01 10:00:09,435] {standard_task_runner.py:76} INFO - Running: ['***', 'tasks', 'run', 'gcp_ingest_yellow_taxi', 'format_to_parquet_task', 'scheduled__2019-05-02T05:00:00+00:00', '--job-id', '567', '--raw', '--subdir', 'DAGS_FOLDER/dag_***_gcp_yellow_taxi.py', '--cfg-path', '/tmp/tmpenmg9mgw', '--error-file', '/tmp/tmpj_639eg6']
[2022-02-01 10:00:09,436] {standard_task_runner.py:77} INFO - Job 567: Subtask format_to_parquet_task
[2022-02-01 10:00:09,500] {logging_mixin.py:109} INFO - Running <TaskInstance: gcp_ingest_yellow_taxi.format_to_parquet_task scheduled__2019-05-02T05:00:00+00:00 [running]> on host 78d49910abc7
[2022-02-01 10:00:09,549] {logging_mixin.py:109} WARNING - /home/***/.local/lib/python3.7/site-packages/***/utils/context.py:152 AirflowContextDeprecationWarning: Accessing 'execution_date' from the template is deprecated and will be removed in a future version. Please use 'data_interval_start' or 'logical_date' instead.
[2022-02-01 10:00:09,571] {taskinstance.py:1426} INFO - Exporting the following env vars:
AIRFLOW_CTX_DAG_OWNER=***
AIRFLOW_CTX_DAG_ID=gcp_ingest_yellow_taxi
AIRFLOW_CTX_TASK_ID=format_to_parquet_task
AIRFLOW_CTX_EXECUTION_DATE=2019-05-02T05:00:00+00:00
AIRFLOW_CTX_DAG_RUN_ID=scheduled__2019-05-02T05:00:00+00:00
[2022-02-01 10:00:25,205] {python.py:175} INFO - Done. Returned value was: None
[2022-02-01 10:00:25,254] {taskinstance.py:1277} INFO - Marking task as SUCCESS. dag_id=gcp_ingest_yellow_taxi, task_id=format_to_parquet_task, execution_date=20190502T050000, start_date=20220201T100009, end_date=20220201T100025
[2022-02-01 10:00:28,162] {local_task_job.py:154} INFO - Task exited with return code 0
[2022-02-01 10:00:28,288] {local_task_job.py:264} INFO - 0 downstream tasks scheduled from follow-on schedule check
