[2022-02-01 09:14:24,721] {taskinstance.py:1032} INFO - Dependencies all met for <TaskInstance: gcp_ingest_yellow_taxi.bigquery_external_table_task scheduled__2019-02-02T05:00:00+00:00 [queued]>
[2022-02-01 09:14:24,735] {taskinstance.py:1032} INFO - Dependencies all met for <TaskInstance: gcp_ingest_yellow_taxi.bigquery_external_table_task scheduled__2019-02-02T05:00:00+00:00 [queued]>
[2022-02-01 09:14:24,735] {taskinstance.py:1238} INFO - 
--------------------------------------------------------------------------------
[2022-02-01 09:14:24,736] {taskinstance.py:1239} INFO - Starting attempt 1 of 1
[2022-02-01 09:14:24,737] {taskinstance.py:1240} INFO - 
--------------------------------------------------------------------------------
[2022-02-01 09:14:24,751] {taskinstance.py:1259} INFO - Executing <Task(BigQueryCreateExternalTableOperator): bigquery_external_table_task> on 2019-02-02 05:00:00+00:00
[2022-02-01 09:14:24,757] {standard_task_runner.py:52} INFO - Started process 6937 to run task
[2022-02-01 09:14:24,762] {standard_task_runner.py:76} INFO - Running: ['***', 'tasks', 'run', 'gcp_ingest_yellow_taxi', 'bigquery_external_table_task', 'scheduled__2019-02-02T05:00:00+00:00', '--job-id', '553', '--raw', '--subdir', 'DAGS_FOLDER/dag_***_gcp_yellow_taxi.py', '--cfg-path', '/tmp/tmp7ixsds89', '--error-file', '/tmp/tmp8_pbi8er']
[2022-02-01 09:14:24,765] {standard_task_runner.py:77} INFO - Job 553: Subtask bigquery_external_table_task
[2022-02-01 09:14:24,836] {logging_mixin.py:109} INFO - Running <TaskInstance: gcp_ingest_yellow_taxi.bigquery_external_table_task scheduled__2019-02-02T05:00:00+00:00 [running]> on host 78d49910abc7
[2022-02-01 09:14:24,881] {logging_mixin.py:109} WARNING - /home/***/.local/lib/python3.7/site-packages/***/utils/context.py:152 AirflowContextDeprecationWarning: Accessing 'execution_date' from the template is deprecated and will be removed in a future version. Please use 'data_interval_start' or 'logical_date' instead.
[2022-02-01 09:14:24,903] {taskinstance.py:1426} INFO - Exporting the following env vars:
AIRFLOW_CTX_DAG_OWNER=***
AIRFLOW_CTX_DAG_ID=gcp_ingest_yellow_taxi
AIRFLOW_CTX_TASK_ID=bigquery_external_table_task
AIRFLOW_CTX_EXECUTION_DATE=2019-02-02T05:00:00+00:00
AIRFLOW_CTX_DAG_RUN_ID=scheduled__2019-02-02T05:00:00+00:00
[2022-02-01 09:14:24,906] {crypto.py:82} WARNING - empty cryptography key - values will not be stored encrypted.
[2022-02-01 09:14:26,112] {taskinstance.py:1277} INFO - Marking task as SUCCESS. dag_id=gcp_ingest_yellow_taxi, task_id=bigquery_external_table_task, execution_date=20190202T050000, start_date=20220201T091424, end_date=20220201T091426
[2022-02-01 09:14:26,159] {local_task_job.py:154} INFO - Task exited with return code 0
[2022-02-01 09:14:26,195] {local_task_job.py:264} INFO - 1 downstream tasks scheduled from follow-on schedule check
