[2022-02-01 09:46:20,224] {taskinstance.py:1032} INFO - Dependencies all met for <TaskInstance: gcp_ingest_yellow_taxi.local_to_gcs_task scheduled__2019-04-02T05:00:00+00:00 [queued]>
[2022-02-01 09:46:20,244] {taskinstance.py:1032} INFO - Dependencies all met for <TaskInstance: gcp_ingest_yellow_taxi.local_to_gcs_task scheduled__2019-04-02T05:00:00+00:00 [queued]>
[2022-02-01 09:46:20,245] {taskinstance.py:1238} INFO - 
--------------------------------------------------------------------------------
[2022-02-01 09:46:20,246] {taskinstance.py:1239} INFO - Starting attempt 1 of 1
[2022-02-01 09:46:20,247] {taskinstance.py:1240} INFO - 
--------------------------------------------------------------------------------
[2022-02-01 09:46:20,262] {taskinstance.py:1259} INFO - Executing <Task(PythonOperator): local_to_gcs_task> on 2019-04-02 05:00:00+00:00
[2022-02-01 09:46:20,270] {standard_task_runner.py:52} INFO - Started process 10252 to run task
[2022-02-01 09:46:20,274] {standard_task_runner.py:76} INFO - Running: ['***', 'tasks', 'run', 'gcp_ingest_yellow_taxi', 'local_to_gcs_task', 'scheduled__2019-04-02T05:00:00+00:00', '--job-id', '563', '--raw', '--subdir', 'DAGS_FOLDER/dag_***_gcp_yellow_taxi.py', '--cfg-path', '/tmp/tmp75eo91s3', '--error-file', '/tmp/tmpbch883h_']
[2022-02-01 09:46:20,277] {standard_task_runner.py:77} INFO - Job 563: Subtask local_to_gcs_task
[2022-02-01 09:46:20,352] {logging_mixin.py:109} INFO - Running <TaskInstance: gcp_ingest_yellow_taxi.local_to_gcs_task scheduled__2019-04-02T05:00:00+00:00 [running]> on host 78d49910abc7
[2022-02-01 09:46:20,403] {logging_mixin.py:109} WARNING - /home/***/.local/lib/python3.7/site-packages/***/utils/context.py:152 AirflowContextDeprecationWarning: Accessing 'execution_date' from the template is deprecated and will be removed in a future version. Please use 'data_interval_start' or 'logical_date' instead.
[2022-02-01 09:46:20,431] {taskinstance.py:1426} INFO - Exporting the following env vars:
AIRFLOW_CTX_DAG_OWNER=***
AIRFLOW_CTX_DAG_ID=gcp_ingest_yellow_taxi
AIRFLOW_CTX_TASK_ID=local_to_gcs_task
AIRFLOW_CTX_EXECUTION_DATE=2019-04-02T05:00:00+00:00
AIRFLOW_CTX_DAG_RUN_ID=scheduled__2019-04-02T05:00:00+00:00
[2022-02-01 09:46:48,307] {python.py:175} INFO - Done. Returned value was: None
[2022-02-01 09:46:48,326] {taskinstance.py:1277} INFO - Marking task as SUCCESS. dag_id=gcp_ingest_yellow_taxi, task_id=local_to_gcs_task, execution_date=20190402T050000, start_date=20220201T094620, end_date=20220201T094648
[2022-02-01 09:46:48,381] {local_task_job.py:154} INFO - Task exited with return code 0
[2022-02-01 09:46:48,420] {local_task_job.py:264} INFO - 0 downstream tasks scheduled from follow-on schedule check
