[2022-02-01 10:22:55,715] {taskinstance.py:1032} INFO - Dependencies all met for <TaskInstance: gcp_ingest_yellow_taxi.format_to_parquet_task scheduled__2019-07-02T05:00:00+00:00 [queued]>
[2022-02-01 10:22:55,725] {taskinstance.py:1032} INFO - Dependencies all met for <TaskInstance: gcp_ingest_yellow_taxi.format_to_parquet_task scheduled__2019-07-02T05:00:00+00:00 [queued]>
[2022-02-01 10:22:55,726] {taskinstance.py:1238} INFO - 
--------------------------------------------------------------------------------
[2022-02-01 10:22:55,726] {taskinstance.py:1239} INFO - Starting attempt 1 of 1
[2022-02-01 10:22:55,727] {taskinstance.py:1240} INFO - 
--------------------------------------------------------------------------------
[2022-02-01 10:22:55,737] {taskinstance.py:1259} INFO - Executing <Task(PythonOperator): format_to_parquet_task> on 2019-07-02 05:00:00+00:00
[2022-02-01 10:22:55,744] {standard_task_runner.py:52} INFO - Started process 14018 to run task
[2022-02-01 10:22:55,749] {standard_task_runner.py:76} INFO - Running: ['***', 'tasks', 'run', 'gcp_ingest_yellow_taxi', 'format_to_parquet_task', 'scheduled__2019-07-02T05:00:00+00:00', '--job-id', '577', '--raw', '--subdir', 'DAGS_FOLDER/dag_***_gcp_yellow_taxi.py', '--cfg-path', '/tmp/tmpg4gm7o2g', '--error-file', '/tmp/tmp6twl4237']
[2022-02-01 10:22:55,751] {standard_task_runner.py:77} INFO - Job 577: Subtask format_to_parquet_task
[2022-02-01 10:22:55,814] {logging_mixin.py:109} INFO - Running <TaskInstance: gcp_ingest_yellow_taxi.format_to_parquet_task scheduled__2019-07-02T05:00:00+00:00 [running]> on host 78d49910abc7
[2022-02-01 10:22:55,863] {logging_mixin.py:109} WARNING - /home/***/.local/lib/python3.7/site-packages/***/utils/context.py:152 AirflowContextDeprecationWarning: Accessing 'execution_date' from the template is deprecated and will be removed in a future version. Please use 'data_interval_start' or 'logical_date' instead.
[2022-02-01 10:22:55,885] {taskinstance.py:1426} INFO - Exporting the following env vars:
AIRFLOW_CTX_DAG_OWNER=***
AIRFLOW_CTX_DAG_ID=gcp_ingest_yellow_taxi
AIRFLOW_CTX_TASK_ID=format_to_parquet_task
AIRFLOW_CTX_EXECUTION_DATE=2019-07-02T05:00:00+00:00
AIRFLOW_CTX_DAG_RUN_ID=scheduled__2019-07-02T05:00:00+00:00
[2022-02-01 10:23:05,735] {python.py:175} INFO - Done. Returned value was: None
[2022-02-01 10:23:05,759] {taskinstance.py:1277} INFO - Marking task as SUCCESS. dag_id=gcp_ingest_yellow_taxi, task_id=format_to_parquet_task, execution_date=20190702T050000, start_date=20220201T102255, end_date=20220201T102305
[2022-02-01 10:23:05,907] {local_task_job.py:212} WARNING - State of this instance has been externally set to success. Terminating instance.
[2022-02-01 10:23:05,926] {process_utils.py:124} INFO - Sending Signals.SIGTERM to group 14018. PIDs of all processes in the group: [14018]
[2022-02-01 10:23:05,927] {process_utils.py:75} INFO - Sending the signal Signals.SIGTERM to group 14018
[2022-02-01 10:23:07,778] {process_utils.py:70} INFO - Process psutil.Process(pid=14018, status='terminated', exitcode=0, started='10:22:55') (14018) terminated with exit code 0
